  Ean13.cpp
D:\Приемка\Информатика\2024-1п\Курсовая\Ean13\Ean13\Ean13.cpp(664,44): warning C4244: аргумент: преобразование "int" в "T", возможна потеря данных
D:\Приемка\Информатика\2024-1п\Курсовая\Ean13\Ean13\Ean13.cpp(664,44): warning C4244:         with
D:\Приемка\Информатика\2024-1п\Курсовая\Ean13\Ean13\Ean13.cpp(664,44): warning C4244:         [
D:\Приемка\Информатика\2024-1п\Курсовая\Ean13\Ean13\Ean13.cpp(664,44): warning C4244:             T=float
D:\Приемка\Информатика\2024-1п\Курсовая\Ean13\Ean13\Ean13.cpp(664,44): warning C4244:         ]
D:\Приемка\Информатика\2024-1п\Курсовая\Ean13\Ean13\Ean13.cpp(665,46): warning C4244: аргумент: преобразование "int" в "T", возможна потеря данных
D:\Приемка\Информатика\2024-1п\Курсовая\Ean13\Ean13\Ean13.cpp(665,46): warning C4244:         with
D:\Приемка\Информатика\2024-1п\Курсовая\Ean13\Ean13\Ean13.cpp(665,46): warning C4244:         [
D:\Приемка\Информатика\2024-1п\Курсовая\Ean13\Ean13\Ean13.cpp(665,46): warning C4244:             T=float
D:\Приемка\Информатика\2024-1п\Курсовая\Ean13\Ean13\Ean13.cpp(665,46): warning C4244:         ]
D:\Приемка\Информатика\2024-1п\Курсовая\Ean13\Ean13\Ean13.cpp(674,46): warning C4244: аргумент: преобразование "int" в "T", возможна потеря данных
D:\Приемка\Информатика\2024-1п\Курсовая\Ean13\Ean13\Ean13.cpp(674,46): warning C4244:         with
D:\Приемка\Информатика\2024-1п\Курсовая\Ean13\Ean13\Ean13.cpp(674,46): warning C4244:         [
D:\Приемка\Информатика\2024-1п\Курсовая\Ean13\Ean13\Ean13.cpp(674,46): warning C4244:             T=float
D:\Приемка\Информатика\2024-1п\Курсовая\Ean13\Ean13\Ean13.cpp(674,46): warning C4244:         ]
D:\Приемка\Информатика\2024-1п\Курсовая\Ean13\Ean13\Ean13.cpp(675,50): warning C4244: аргумент: преобразование "int" в "T", возможна потеря данных
D:\Приемка\Информатика\2024-1п\Курсовая\Ean13\Ean13\Ean13.cpp(675,50): warning C4244:         with
D:\Приемка\Информатика\2024-1п\Курсовая\Ean13\Ean13\Ean13.cpp(675,50): warning C4244:         [
D:\Приемка\Информатика\2024-1п\Курсовая\Ean13\Ean13\Ean13.cpp(675,50): warning C4244:             T=float
D:\Приемка\Информатика\2024-1п\Курсовая\Ean13\Ean13\Ean13.cpp(675,50): warning C4244:         ]
  Ean13.vcxproj -> D:\Приемка\Информатика\2024-1п\Курсовая\Ean13\x64\Debug\Ean13.exe
